

Date:2020-04-10 22:45:45,894
Thread:[1]
Level:ERROR
Logger:Microsoft.Syncfusion_VSExtension_Troubleshooter.Syncfusion_VSExtension_TroubleshooterPackage                         [(null)]
Message:System.IndexOutOfRangeException: Index was outside the bounds of the array.
   at System.Array.InternalGetReference(Void* elemRef, Int32 rank, Int32* pIndices)
   at System.Array.GetValue(Int32 index)
   at Microsoft.Syncfusion_VSExtension_Troubleshooter.Syncfusion_VSExtension_TroubleshooterPackage.queryStatusMenuCommand_BeforeQueryStatus(Object sender, EventArgs e)


Date:2020-04-10 22:45:45,932
Thread:[1]
Level:ERROR
Logger:Syncfusion.Web.Extension.SyncfusionPackage                         [(null)]
Message:System.IndexOutOfRangeException: Index was outside the bounds of the array.
   at System.Array.InternalGetReference(Void* elemRef, Int32 rank, Int32* pIndices)
   at System.Array.GetValue(Int32 index)
   at Syncfusion.Web.Extension.SyncfusionPackage.queryStatusMenuCommand_BeforeQueryStatus(Object sender, EventArgs e) in D:\Git\RP\vsext_ej1_conversion_migration\SyncfusionMVCPackage.cs:line 468


Date:2020-04-10 22:45:45,959
Thread:[1]
Level:ERROR
Logger:Syncfusion.Web.Extension.SyncfusionPackage                         [(null)]
Message:System.IndexOutOfRangeException: Index was outside the bounds of the array.
   at System.Array.InternalGetReference(Void* elemRef, Int32 rank, Int32* pIndices)
   at System.Array.GetValue(Int32 index)
   at Syncfusion.Web.Extension.SyncfusionPackage.queryStatusMenuCommand_BeforeQueryStatus(Object sender, EventArgs e) in D:\Git\RP\vsext_ej1_conversion_migration\SyncfusionMVCPackage.cs:line 468


Date:2020-04-10 22:47:31,433
Thread:[1]
Level:ERROR
Logger:Syncfusion.Web.Extension.SyncfusionPackage                         [(null)]
Message:System.IndexOutOfRangeException: Index was outside the bounds of the array.
   at System.Array.InternalGetReference(Void* elemRef, Int32 rank, Int32* pIndices)
   at System.Array.GetValue(Int32 index)
   at Syncfusion.Web.Extension.SyncfusionPackage.queryStatusMenuCommand_BeforeQueryStatus(Object sender, EventArgs e) in D:\Git\RP\vsext_ej1_conversion_migration\SyncfusionMVCPackage.cs:line 468


Date:2020-04-10 23:25:02,685
Thread:[1]
Level:ERROR
Logger:Syncfusion.Web.Extension.SyncfusionPackage                         [(null)]
Message:System.IndexOutOfRangeException: Index was outside the bounds of the array.
   at System.Array.InternalGetReference(Void* elemRef, Int32 rank, Int32* pIndices)
   at System.Array.GetValue(Int32 index)
   at Syncfusion.Web.Extension.SyncfusionPackage.queryStatusMenuCommand_BeforeQueryStatus(Object sender, EventArgs e) in D:\Git\RP\vsext_ej1_conversion_migration\SyncfusionMVCPackage.cs:line 468
